[debug] [2017-12-11T13:49:47.700Z] ----------------------------------------------------------------------
[debug] [2017-12-11T13:49:47.703Z] Command:       /usr/bin/node /usr/bin/firebase deploy
[debug] [2017-12-11T13:49:47.704Z] CLI Version:   3.16.0
[debug] [2017-12-11T13:49:47.704Z] Platform:      linux
[debug] [2017-12-11T13:49:47.704Z] Node Version:  v8.9.0
[debug] [2017-12-11T13:49:47.704Z] Time:          Mon Dec 11 2017 15:49:47 GMT+0200 (STD)
[debug] [2017-12-11T13:49:47.704Z] ----------------------------------------------------------------------
[debug] 
[debug] [2017-12-11T13:49:47.785Z] > command requires scopes: ["email","openid","https://www.googleapis.com/auth/cloudplatformprojects.readonly","https://www.googleapis.com/auth/firebase","https://www.googleapis.com/auth/cloud-platform"]
[debug] [2017-12-11T13:49:47.786Z] > authorizing via signed-in user
[debug] [2017-12-11T13:49:47.789Z] > refreshing access token with scopes: ["email","https://www.googleapis.com/auth/cloud-platform","https://www.googleapis.com/auth/cloudplatformprojects.readonly","https://www.googleapis.com/auth/firebase","openid"]
[debug] [2017-12-11T13:49:47.790Z] >>> HTTP REQUEST POST https://www.googleapis.com/oauth2/v3/token  
 { refresh_token: '1/6f4TU8NXdLiPuk6vXP4Ysj5RfrOhYqgayX6oIr8gbpc',
  client_id: '563584335869-fgrhgmd47bqnekij5i8b5pr03ho849e6.apps.googleusercontent.com',
  client_secret: 'j9iVZfS8kkCEFUPaAeJV0sAi',
  grant_type: 'refresh_token',
  scope: 'email https://www.googleapis.com/auth/cloud-platform https://www.googleapis.com/auth/cloudplatformprojects.readonly https://www.googleapis.com/auth/firebase openid' } 
 Mon Dec 11 2017 15:49:47 GMT+0200 (STD)
[debug] [2017-12-11T13:49:48.623Z] <<< HTTP RESPONSE 200
[debug] [2017-12-11T13:49:48.638Z] >>> HTTP REQUEST GET https://admin.firebase.com/v1/projects/next-f2cee  
  
 Mon Dec 11 2017 15:49:48 GMT+0200 (STD)
[debug] [2017-12-11T13:49:50.029Z] <<< HTTP RESPONSE 200
[debug] [2017-12-11T13:49:50.030Z] >>> HTTP REQUEST GET https://admin.firebase.com/v1/database/next-f2cee/tokens  
  
 Mon Dec 11 2017 15:49:50 GMT+0200 (STD)
[debug] [2017-12-11T13:49:51.575Z] <<< HTTP RESPONSE 200
[info] 
[info] === Deploying to 'next-f2cee'...
[info] 
[info] i  deploying database, hosting
[info] i  database: checking rules syntax...
[debug] [2017-12-11T13:49:52.628Z] >>> HTTP REQUEST PUT https://next-f2cee.firebaseio.com/.settings/rules.json?dryRun=true  
 {
  "rules": {
    ".read": true,
    ".write": true,

    "notifications": {
      "$uid": {
         "$notificationKey": {
            ".read": "auth.uid === $uid",
            ".write": "auth.uid === $uid"
         }
      }
    }

  }
}
 
 Mon Dec 11 2017 15:49:52 GMT+0200 (STD)
[debug] [2017-12-11T13:49:53.551Z] <<< HTTP RESPONSE 200
[info] ✔  database: rules syntax for database next-f2cee is valid
[info] i  hosting: preparing build directory for upload...
[debug] [2017-12-11T13:49:53.941Z] >>> HTTP REQUEST PUT https://deploy.firebase.com/v1/hosting/next-f2cee/uploads/-L04pgGu7AIqrRULhWdE?fileCount=9&message=  
  
 Mon Dec 11 2017 15:49:53 GMT+0200 (STD)
